1573666783511|DCVM Cyclic Barrier up and running!
1573666789678|DCVM Cyclic Barrier accepts: controleur localhost 51498
1573666789679|DCVM Cyclic Barrier has received 1 out of 4 expected.
1573666793596|DCVM Cyclic Barrier accepts: chargeur ppti-14-507-07 51500
1573666793596|DCVM Cyclic Barrier has received 2 out of 4 expected.
1573666796424|DCVM Cyclic Barrier accepts: frigo localhost 51502
1573666796425|DCVM Cyclic Barrier has received 3 out of 4 expected.
1573666800665|All connected!
1573666800666|DCVM Cyclic Barrier accepts: ordinateur localhost 51504
1573666800667|DCVM Cyclic Barrier has received 4 out of 4 expected.
1573666800667|DCVM Cyclic Barrier releases 4 sites.
1573666800669|DCVM Cyclic Barrier accepts: controleur localhost 51498
1573666800670|DCVM Cyclic Barrier has received 1 out of 4 expected.
1573666800686|DCVM Cyclic Barrier accepts: frigo localhost 51502
1573666800687|DCVM Cyclic Barrier has received 2 out of 4 expected.
1573666800687|DCVM Cyclic Barrier accepts: chargeur ppti-14-507-07 51500
1573666800688|DCVM Cyclic Barrier has received 3 out of 4 expected.
1573666800728|DCVM Cyclic Barrier accepts: ordinateur localhost 51504
1573666800728|DCVM Cyclic Barrier has received 4 out of 4 expected.
1573666800728|DCVM Cyclic Barrier releases 4 sites.
1573666811534|DCVMCyclicBarrier.run() finished.
1573666811567|DCVMCyclicBarrier.run() finished.
1573666811573|DCVMCyclicBarrier.run() finished.
1573666811645|DCVMCyclicBarrier.run() finished.
1573666811645|DCVM Cyclic Barrier shuts down!
