1576262138251|Registry up and running!
1576262143595|GlobalRegistry processing put DYNAMIC_ASSEMBLEUR_URI rmi=localhost
1576262143671|GlobalRegistry processing put fr.sorbonne_u.components.reflection.interfaces.ReflectionI-b9c8213c-6a95-4717-835b-88f494185c07 rmi=localhost
1576262143708|GlobalRegistry processing put fr.sorbonne_u.components.reflection.interfaces.ReflectionI-c78d3f82-5619-476f-bac0-61201696a429 rmi=localhost
1576262143708|GlobalRegistry processing put fr.sorbonne_u.components.reflection.interfaces.ReflectionI-024659d9-26f5-4b0b-bca9-cd67f7dd14d2 rmi=localhost
1576262143719|GlobalRegistry processing put fr.sorbonne_u.components.reflection.interfaces.ReflectionI-74b255b0-3ffc-4e20-b726-9cb9c999c799 rmi=localhost
1576262143723|GlobalRegistry processing put fr.sorbonne_u.components.reflection.interfaces.ReflectionI-dc515922-0d4e-4fb8-b28e-d2ef6c9828d8 rmi=localhost
1576262143744|GlobalRegistry processing put JVM_ORDINATEUR_URI-dcc rmi=localhost
1576262143756|GlobalRegistry processing put JVM_LAVELINGE_URI-dcc rmi=localhost
1576262143763|GlobalRegistry processing put fr.sorbonne_u.components.reflection.interfaces.ReflectionI-ad537dc0-5375-48ca-8cad-a201f5c2d5e1 rmi=localhost
1576262143767|GlobalRegistry processing put JVM_CONTROLEUR_URI-dcc rmi=localhost
1576262143779|GlobalRegistry processing put JVM_COMPTEUR_URI-dcc rmi=localhost
1576262143781|All connected!
1576262143782|GlobalRegistry processing put fr.sorbonne_u.components.reflection.interfaces.ReflectionI-ab90ac4f-673f-4f80-8405-e35ff6964267 rmi=localhost
1576262143795|GlobalRegistry processing put JVM_FRIGO_URI-dcc rmi=localhost
1576262143823|GlobalRegistry processing put JVM_PANNEAUSOLAIRE_URI-dcc rmi=localhost
1576262143851|GlobalRegistry processing put JVM_BATTERIE_URI-dcc rmi=localhost
1576262143871|GlobalRegistry processing put fr.sorbonne_u.components.reflection.interfaces.ReflectionI-2811e814-eead-46e4-b273-f4a2e19d11fd rmi=localhost
1576262143923|GlobalRegistry processing put JVM_DYNAMIC_ASSEMBLEUR_URI-dcc rmi=localhost
1576262144151|GlobalRegistry processing lookup JVM_CONTROLEUR_URI-dcc
1576262144207|GlobalRegistry processing put CONTROLEUR_URI rmi=localhost
1576262144271|GlobalRegistry processing put CONTROLEUR_OP_FRIGO_URI rmi=localhost
1576262144363|GlobalRegistry processing put CONTROLEUR_OP_LAVELINGE_URI rmi=localhost
1576262144455|GlobalRegistry processing put CONTROLEUR_OP_ORDINATEUR_URI rmi=localhost
1576262144547|GlobalRegistry processing put CONTROLEUR_OP_PANNEAUSOLAIRE_URI rmi=localhost
1576262144635|GlobalRegistry processing put CONTROLEUR_OP_BATTERIE_URI rmi=localhost
1576262144723|GlobalRegistry processing put CONTROLEUR_OP_COMPTEUR_URI rmi=localhost
1576262144815|GlobalRegistry processing put app.interfaces.controleur.IControleur-ee4dc223-33f3-493a-af27-399d474d7d15 rmi=localhost
1576262144907|GlobalRegistry processing lookup JVM_FRIGO_URI-dcc
1576262144959|GlobalRegistry processing put FRIGO_URI rmi=localhost
1576262145023|GlobalRegistry processing put FRIGO_CONTROLEUR_OP_URI rmi=localhost
1576262145111|GlobalRegistry processing put FRIGO_COMPTEUR_OP_URI rmi=localhost
1576262145203|GlobalRegistry processing put app.interfaces.appareil.IFrigo-8613ccf3-f77b-402f-8d31-b155c93edce6 rmi=localhost
1576262145295|GlobalRegistry processing put app.interfaces.generateur.IEntiteDynamique-1430483c-a434-446d-9398-d9ac8a438f51 rmi=localhost
1576262145503|GlobalRegistry processing lookup JVM_LAVELINGE_URI-dcc
1576262145559|GlobalRegistry processing put LAVELINGE_URI rmi=localhost
1576262145619|GlobalRegistry processing put LAVELINGE_CONTROLEUR_OP_URI rmi=localhost
1576262145707|GlobalRegistry processing put LAVELINGE_COMPTEUR_OP_URI rmi=localhost
1576262145799|GlobalRegistry processing put app.interfaces.appareil.ILaveLinge-99510021-2e57-4a65-be0e-c91cc35a2ebc rmi=localhost
1576262145887|GlobalRegistry processing put app.interfaces.generateur.IEntiteDynamique-08a0e81e-c444-46f6-baa5-b339a6284baf rmi=localhost
1576262146087|GlobalRegistry processing lookup JVM_ORDINATEUR_URI-dcc
1576262146143|GlobalRegistry processing put ORDINATEUR_URI rmi=localhost
1576262146203|GlobalRegistry processing put ORDINATEUR_CONTROLEUR_OP_URI rmi=localhost
1576262146291|GlobalRegistry processing put ORDINATEUR_COMPTEUR_OP_URI rmi=localhost
1576262146383|GlobalRegistry processing put app.interfaces.appareil.IOrdinateur-9d342d21-60f6-4c42-bc81-3a7387f1da83 rmi=localhost
1576262146471|GlobalRegistry processing put app.interfaces.generateur.IEntiteDynamique-e9277889-0c4f-4bed-976e-059b1e8962e4 rmi=localhost
1576262146683|GlobalRegistry processing lookup JVM_PANNEAUSOLAIRE_URI-dcc
1576262146739|GlobalRegistry processing put PANNEAUSOLAIRE_URI rmi=localhost
1576262146799|GlobalRegistry processing put PANNEAUSOLAIRE_CONTROLEUR_OP_URI rmi=localhost
1576262146887|GlobalRegistry processing put PANNEAUSOLAIRE_COMPTEUR_OP_URI rmi=localhost
1576262146979|GlobalRegistry processing put app.interfaces.production.IPanneau-7ae058b7-1561-4f66-bb8c-77d80d9c75d5 rmi=localhost
1576262147067|GlobalRegistry processing put app.interfaces.generateur.IEntiteDynamique-70a07074-e99a-4002-bbb4-d76777bbe432 rmi=localhost
1576262147275|GlobalRegistry processing lookup JVM_BATTERIE_URI-dcc
1576262147331|GlobalRegistry processing put BATTERIE_URI rmi=localhost
1576262147395|GlobalRegistry processing put BATTERIE_CONTROLEUR_OP_URI rmi=localhost
1576262147483|GlobalRegistry processing put BATTERIE_COMPTEUR_OP_URI rmi=localhost
1576262147575|GlobalRegistry processing put app.interfaces.production.IBatterie-07e59136-d346-4f3d-87e8-3b6d14ab2ec5 rmi=localhost
1576262147663|GlobalRegistry processing put app.interfaces.generateur.IEntiteDynamique-a09c222b-d98e-4dce-a5fe-6137f1bd761c rmi=localhost
1576262147871|GlobalRegistry processing lookup JVM_COMPTEUR_URI-dcc
1576262147923|GlobalRegistry processing put COMPTEUR_URI rmi=localhost
1576262147979|GlobalRegistry processing put app.interfaces.compteur.ICompteur-00a3bc40-a47a-45f8-89a3-6136a401b999 rmi=localhost
1576262148075|GlobalRegistry processing put app.interfaces.compteur.ICompteurControleur-5b532e53-0172-4c11-a7c4-d81d49cb4cbe rmi=localhost
1576262148279|GlobalRegistry processing lookup FRIGO_URI
1576262148331|GlobalRegistry processing lookup LAVELINGE_URI
1576262148419|GlobalRegistry processing lookup ORDINATEUR_URI
1576262148511|GlobalRegistry processing lookup PANNEAUSOLAIRE_URI
1576262148599|GlobalRegistry processing lookup BATTERIE_URI
1576262148699|GlobalRegistry processing lookup COMPTEUR_URI
1576262148787|GlobalRegistry processing lookup CONTROLEUR_URI
1576262148995|GlobalRegistry processing lookup app.interfaces.appareil.IFrigo-8613ccf3-f77b-402f-8d31-b155c93edce6
1576262149063|GlobalRegistry processing lookup app.interfaces.appareil.ILaveLinge-99510021-2e57-4a65-be0e-c91cc35a2ebc
1576262149159|GlobalRegistry processing lookup app.interfaces.appareil.IOrdinateur-9d342d21-60f6-4c42-bc81-3a7387f1da83
1576262149255|GlobalRegistry processing lookup app.interfaces.production.IPanneau-7ae058b7-1561-4f66-bb8c-77d80d9c75d5
1576262149351|GlobalRegistry processing lookup app.interfaces.production.IBatterie-07e59136-d346-4f3d-87e8-3b6d14ab2ec5
1576262149447|GlobalRegistry processing lookup app.interfaces.compteur.ICompteurControleur-5b532e53-0172-4c11-a7c4-d81d49cb4cbe
1576262149539|GlobalRegistry processing lookup COMPTEUR_URI
1576262149583|GlobalRegistry processing lookup FRIGO_URI
1576262149679|GlobalRegistry processing lookup app.interfaces.compteur.ICompteur-00a3bc40-a47a-45f8-89a3-6136a401b999
1576262149731|GlobalRegistry processing lookup LAVELINGE_URI
1576262149779|GlobalRegistry processing lookup app.interfaces.compteur.ICompteur-00a3bc40-a47a-45f8-89a3-6136a401b999
1576262149839|GlobalRegistry processing lookup ORDINATEUR_URI
1576262149895|GlobalRegistry processing lookup app.interfaces.compteur.ICompteur-00a3bc40-a47a-45f8-89a3-6136a401b999
1576262149947|GlobalRegistry processing lookup PANNEAUSOLAIRE_URI
1576262149999|GlobalRegistry processing lookup app.interfaces.compteur.ICompteur-00a3bc40-a47a-45f8-89a3-6136a401b999
1576262150051|GlobalRegistry processing lookup BATTERIE_URI
1576262150103|GlobalRegistry processing lookup app.interfaces.compteur.ICompteur-00a3bc40-a47a-45f8-89a3-6136a401b999
1576262150155|GlobalRegistry processing lookup CONTROLEUR_URI
1576262150199|GlobalRegistry processing lookup FRIGO_URI
1576262150295|GlobalRegistry processing lookup app.interfaces.controleur.IControleur-ee4dc223-33f3-493a-af27-399d474d7d15
1576262150347|GlobalRegistry processing lookup LAVELINGE_URI
1576262150404|GlobalRegistry processing lookup app.interfaces.controleur.IControleur-ee4dc223-33f3-493a-af27-399d474d7d15
1576262150455|GlobalRegistry processing lookup ORDINATEUR_URI
1576262150511|GlobalRegistry processing lookup app.interfaces.controleur.IControleur-ee4dc223-33f3-493a-af27-399d474d7d15
1576262150571|GlobalRegistry processing lookup PANNEAUSOLAIRE_URI
1576262150631|GlobalRegistry processing lookup app.interfaces.controleur.IControleur-ee4dc223-33f3-493a-af27-399d474d7d15
1576262150687|GlobalRegistry processing lookup BATTERIE_URI
1576262150739|GlobalRegistry processing lookup app.interfaces.controleur.IControleur-ee4dc223-33f3-493a-af27-399d474d7d15
1576262150791|GlobalRegistry processing put app.interfaces.generateur.IAssembleur-42696d6e-faa2-4fbe-9e8d-bb80ad4b26c7 rmi=localhost
1576262150835|GlobalRegistry processing lookup app.interfaces.generateur.IEntiteDynamique-1430483c-a434-446d-9398-d9ac8a438f51
1576262150923|GlobalRegistry processing lookup app.interfaces.generateur.IEntiteDynamique-08a0e81e-c444-46f6-baa5-b339a6284baf
1576262151011|GlobalRegistry processing lookup app.interfaces.generateur.IEntiteDynamique-e9277889-0c4f-4bed-976e-059b1e8962e4
1576262151099|GlobalRegistry processing lookup app.interfaces.generateur.IEntiteDynamique-70a07074-e99a-4002-bbb4-d76777bbe432
1576262151187|GlobalRegistry processing lookup app.interfaces.generateur.IEntiteDynamique-a09c222b-d98e-4dce-a5fe-6137f1bd761c
1576262151275|GlobalRegistry processing remove app.interfaces.generateur.IAssembleur-42696d6e-faa2-4fbe-9e8d-bb80ad4b26c7
1576262164283|GlobalRegistry processing remove ORDINATEUR_URI
1576262164283|GlobalRegistry processing remove fr.sorbonne_u.components.reflection.interfaces.ReflectionI-dc515922-0d4e-4fb8-b28e-d2ef6c9828d8
1576262164283|GlobalRegistry processing remove fr.sorbonne_u.components.reflection.interfaces.ReflectionI-c78d3f82-5619-476f-bac0-61201696a429
1576262164287|GlobalRegistry processing remove BATTERIE_URI
1576262164327|GlobalRegistry processing remove LAVELINGE_URI
1576262164331|GlobalRegistry processing remove fr.sorbonne_u.components.reflection.interfaces.ReflectionI-b9c8213c-6a95-4717-835b-88f494185c07
1576262164331|GlobalRegistry processing remove fr.sorbonne_u.components.reflection.interfaces.ReflectionI-2811e814-eead-46e4-b273-f4a2e19d11fd
1576262164335|GlobalRegistry processing remove PANNEAUSOLAIRE_URI
1576262164342|GlobalRegistry processing remove FRIGO_URI
1576262164467|GlobalRegistry processing remove JVM_FRIGO_URI-dcc
1576262164467|GlobalRegistry processing remove JVM_COMPTEUR_URI-dcc
1576262164467|GlobalRegistry processing remove JVM_DYNAMIC_ASSEMBLEUR_URI-dcc
1576262164511|GlobalRegistry processing remove app.interfaces.appareil.ILaveLinge-99510021-2e57-4a65-be0e-c91cc35a2ebc
1576262164511|GlobalRegistry processing remove app.interfaces.appareil.IFrigo-8613ccf3-f77b-402f-8d31-b155c93edce6
1576262164511|GlobalRegistry processing remove ORDINATEUR_COMPTEUR_OP_URI
1576262164515|GlobalRegistry processing remove app.interfaces.compteur.ICompteur-00a3bc40-a47a-45f8-89a3-6136a401b999
1576262164519|GlobalRegistry processing remove BATTERIE_CONTROLEUR_OP_URI
1576262164519|GlobalRegistry processing remove app.interfaces.controleur.IControleur-ee4dc223-33f3-493a-af27-399d474d7d15
1576262164599|GlobalRegistry processing remove ORDINATEUR_CONTROLEUR_OP_URI
1576262164603|GlobalRegistry processing remove app.interfaces.compteur.ICompteurControleur-5b532e53-0172-4c11-a7c4-d81d49cb4cbe
1576262164607|GlobalRegistry processing remove BATTERIE_COMPTEUR_OP_URI
1576262164607|GlobalRegistry processing remove CONTROLEUR_OP_FRIGO_URI
1576262164687|GlobalRegistry processing remove PANNEAUSOLAIRE_COMPTEUR_OP_URI
1576262164687|GlobalRegistry processing remove app.interfaces.generateur.IEntiteDynamique-e9277889-0c4f-4bed-976e-059b1e8962e4
1576262164695|GlobalRegistry processing remove CONTROLEUR_OP_LAVELINGE_URI
1576262164699|GlobalRegistry processing remove app.interfaces.generateur.IEntiteDynamique-a09c222b-d98e-4dce-a5fe-6137f1bd761c
1576262164775|GlobalRegistry processing remove app.interfaces.generateur.IEntiteDynamique-08a0e81e-c444-46f6-baa5-b339a6284baf
1576262164779|GlobalRegistry processing remove JVM_ORDINATEUR_URI-dcc
1576262164779|GlobalRegistry processing remove app.interfaces.generateur.IEntiteDynamique-1430483c-a434-446d-9398-d9ac8a438f51
1576262164779|GlobalRegistry processing remove app.interfaces.generateur.IEntiteDynamique-70a07074-e99a-4002-bbb4-d76777bbe432
1576262164783|GlobalRegistry processing remove CONTROLEUR_OP_ORDINATEUR_URI
1576262164787|GlobalRegistry processing remove JVM_BATTERIE_URI-dcc
1576262164875|GlobalRegistry processing remove CONTROLEUR_OP_PANNEAUSOLAIRE_URI
1576262164963|GlobalRegistry processing remove CONTROLEUR_OP_BATTERIE_URI
1576262165055|GlobalRegistry processing remove CONTROLEUR_OP_COMPTEUR_URI
1576262165143|GlobalRegistry processing shutdown
1576262165143|GlobalRegistry processing shutdown
1576262165143|GlobalRegistry processing shutdown
1576262165143|GlobalRegistry processing shutdown
1576262165149|Global registry shuts down!
